<?xml version="1.0" encoding="UTF-8"?>
<!-- Generated by org.testng.reporters.JUnitReportReporter -->
<testsuite skipped="0" hostname="LT-EONYANGO" name="formSuite.LoginWoCreds" tests="2" failures="0" timestamp="2020-04-30T18:25:41 EAT" time="44.688" errors="0">
  <testcase name="loginWoName" time="27.670" classname="formSuite.LoginWoCreds"/>
  <system-out/>
  <testcase name="validateHomePg" time="17.018" classname="formSuite.LoginWoCreds"/>
  <system-out/>
</testsuite> <!-- formSuite.LoginWoCreds -->
