<?xml version="1.0" encoding="UTF-8"?>
<!-- Generated by org.testng.reporters.JUnitReportReporter -->
<testsuite skipped="0" hostname="LT-EONYANGO" name="formSuite.LoginWithCreds" tests="3" failures="0" timestamp="2020-04-30T17:50:29 EAT" time="117.164" errors="0">
  <testcase name="loginCreds" time="27.038" classname="formSuite.LoginWithCreds"/>
  <system-out/>
  <testcase name="loginCreds" time="62.709" classname="formSuite.LoginWithCreds"/>
  <system-out/>
  <testcase name="loginCreds" time="27.417" classname="formSuite.LoginWithCreds"/>
  <system-out/>
</testsuite> <!-- formSuite.LoginWithCreds -->
