<?xml version="1.0" encoding="UTF-8"?>
<!-- Generated by org.testng.reporters.JUnitReportReporter -->
<testsuite hostname="Demore" failures="0" tests="1" name="cartSuite.CheckOutCart" time="55.594" errors="0" timestamp="2021-04-07T19:43:01 EAT" skipped="0">
  <testcase classname="cartSuite.CheckOutCart" name="completePurchase" time="55.594"/>
  <system-out/>
</testsuite> <!-- cartSuite.CheckOutCart -->
