<?xml version="1.0" encoding="UTF-8"?>
<!-- Generated by org.testng.reporters.JUnitReportReporter -->
<testsuite skipped="0" hostname="LT-EONYANGO" name="formSuite.LoginPgValidations" tests="3" failures="0" timestamp="2020-04-30T19:41:48 EAT" time="59.230" errors="0">
  <testcase name="validateHomePg" time="16.072" classname="formSuite.LoginPgValidations"/>
  <system-out/>
  <testcase name="exitAppMessage" time="18.486" classname="formSuite.LoginPgValidations"/>
  <system-out/>
  <testcase name="loginWoName" time="24.672" classname="formSuite.LoginPgValidations"/>
  <system-out/>
</testsuite> <!-- formSuite.LoginPgValidations -->
