<?xml version="1.0" encoding="UTF-8"?>
<!-- Generated by org.testng.reporters.JUnitReportReporter -->
<testsuite skipped="0" hostname="LT-EONYANGO" name="formSuite.LoginPageValidation" tests="1" failures="0" timestamp="2020-04-30T18:22:45 EAT" time="18.572" errors="0">
  <testcase name="validateHomePg" time="18.572" classname="formSuite.LoginPageValidation"/>
  <system-out/>
</testsuite> <!-- formSuite.LoginPageValidation -->
