<?xml version="1.0" encoding="UTF-8"?>
<!-- Generated by org.testng.reporters.JUnitReportReporter -->
<testsuite skipped="0" hostname="LT-EONYANGO" name="formSuite.TestMethods" tests="1" failures="0" timestamp="2020-04-30T19:39:10 EAT" time="21.480" errors="0">
  <testcase name="exitAppMessage" time="21.480" classname="formSuite.TestMethods"/>
  <system-out/>
</testsuite> <!-- formSuite.TestMethods -->
