<?xml version="1.0" encoding="UTF-8"?>
<!-- Generated by org.testng.reporters.JUnitReportReporter -->
<testsuite skipped="0" hostname="LT-EONYANGO" name="formSuite.TestMethods" tests="1" failures="0" timestamp="2020-05-14T17:42:24 EAT" time="31.261" errors="0">
  <testcase name="completePurchase" time="31.261" classname="formSuite.TestMethods"/>
  <system-out/>
</testsuite> <!-- formSuite.TestMethods -->
