<?xml version="1.0" encoding="UTF-8"?>
<!-- Generated by org.testng.reporters.JUnitReportReporter -->
<testsuite skipped="0" hostname="LT-EONYANGO" name="formSuite.LoginWithCreds" tests="3" failures="0" timestamp="2020-05-14T11:35:41 EAT" time="147.656" errors="0">
  <testcase name="loginCreds" time="28.669" classname="formSuite.LoginWithCreds"/>
  <system-out/>
  <testcase name="loginCreds" time="90.196" classname="formSuite.LoginWithCreds"/>
  <system-out/>
  <testcase name="loginCreds" time="28.791" classname="formSuite.LoginWithCreds"/>
  <system-out/>
</testsuite> <!-- formSuite.LoginWithCreds -->
